[debug] [2023-09-26T10:57:08.026Z] ----------------------------------------------------------------------
[debug] [2023-09-26T10:57:08.029Z] Command:       C:\Program Files\nodejs\node.exe C:\Program Files\nodejs\node_modules\firebase-tools\lib\bin\firebase.js init
[debug] [2023-09-26T10:57:08.029Z] CLI Version:   12.5.2
[debug] [2023-09-26T10:57:08.030Z] Platform:      win32
[debug] [2023-09-26T10:57:08.030Z] Node Version:  v18.17.1
[debug] [2023-09-26T10:57:08.031Z] Time:          Tue Sep 26 2023 16:27:08 GMT+0530 (India Standard Time)
[debug] [2023-09-26T10:57:08.031Z] ----------------------------------------------------------------------
[debug] 
[debug] [2023-09-26T10:57:08.046Z] >>> [apiv2][query] GET https://firebase-public.firebaseio.com/cli.json [none]
[debug] [2023-09-26T10:57:08.119Z] > command requires scopes: ["email","openid","https://www.googleapis.com/auth/cloudplatformprojects.readonly","https://www.googleapis.com/auth/firebase","https://www.googleapis.com/auth/cloud-platform"]
[debug] [2023-09-26T10:57:08.120Z] > authorizing via signed-in user (ayushshukla3999@gmail.com)
[info] 
     ######## #### ########  ######## ########     ###     ######  ########
     ##        ##  ##     ## ##       ##     ##  ##   ##  ##       ##
     ######    ##  ########  ######   ########  #########  ######  ######
     ##        ##  ##    ##  ##       ##     ## ##     ##       ## ##
     ##       #### ##     ## ######## ########  ##     ##  ######  ########

You're about to initialize a Firebase project in this directory:

  C:\Users\ayush\OneDrive\Desktop\promethus

[debug] [2023-09-26T10:57:08.825Z] <<< [apiv2][status] GET https://firebase-public.firebaseio.com/cli.json 200
[debug] [2023-09-26T10:57:08.825Z] <<< [apiv2][body] GET https://firebase-public.firebaseio.com/cli.json {"cloudBuildErrorAfter":1594252800000,"cloudBuildWarnAfter":1590019200000,"defaultNode10After":1594252800000,"minVersion":"3.0.5","node8DeploysDisabledAfter":1613390400000,"node8RuntimeDisabledAfter":1615809600000,"node8WarnAfter":1600128000000}
